<?xml version="1.0" encoding="UTF-8"?>
<testng-results total="2" passed="2" failed="0" skipped="0">
  <reporter-output>
  </reporter-output>
  <suite started-at="2019-10-03T10:22:06Z" name="Bank Guru" finished-at="2019-10-03T10:22:29Z" duration-ms="22779">
    <groups>
    </groups>
    <test started-at="2019-10-03T10:22:06Z" name="Run on FIREFOX browser" finished-at="2019-10-03T10:22:29Z" duration-ms="22779">
      <class name="com.bankguru.login.Login_01_CreateUserAndLogin_PageObject">
        <test-method is-config="true" signature="beforeClass(java.lang.String, java.lang.String)[pri:0, instance:com.bankguru.login.Login_01_CreateUserAndLogin_PageObject@42eca56e]" started-at="2019-10-03T17:22:06Z" name="beforeClass" finished-at="2019-10-03T17:22:18Z" duration-ms="11560" status="PASS">
          <params>
            <param index="0">
              <value>
                <![CDATA[firefox]]>
              </value>
            </param>
            <param index="1">
              <value>
                <![CDATA[http://demo.guru99.com/V4/]]>
              </value>
            </param>
          </params>
          <reporter-output>
          </reporter-output>
        </test-method> <!-- beforeClass -->
        <test-method signature="TC_Login01_CreateUser()[pri:0, instance:com.bankguru.login.Login_01_CreateUserAndLogin_PageObject@42eca56e]" started-at="2019-10-03T17:22:18Z" name="TC_Login01_CreateUser" finished-at="2019-10-03T17:22:20Z" duration-ms="2649" status="PASS">
          <reporter-output>
          </reporter-output>
        </test-method> <!-- TC_Login01_CreateUser -->
        <test-method signature="TC_Login02_LoginToApplication()[pri:0, instance:com.bankguru.login.Login_01_CreateUserAndLogin_PageObject@42eca56e]" started-at="2019-10-03T17:22:20Z" name="TC_Login02_LoginToApplication" finished-at="2019-10-03T17:22:28Z" duration-ms="8221" status="PASS">
          <reporter-output>
          </reporter-output>
        </test-method> <!-- TC_Login02_LoginToApplication -->
        <test-method is-config="true" signature="tearDown()[pri:0, instance:com.bankguru.login.Login_01_CreateUserAndLogin_PageObject@42eca56e]" started-at="2019-10-03T17:22:28Z" name="tearDown" finished-at="2019-10-03T17:22:29Z" duration-ms="340" status="PASS">
          <reporter-output>
          </reporter-output>
        </test-method> <!-- tearDown -->
      </class> <!-- com.bankguru.login.Login_01_CreateUserAndLogin_PageObject -->
    </test> <!-- Run on FIREFOX browser -->
  </suite> <!-- Bank Guru -->
</testng-results>
